<?xml version="1.0" encoding="UTF-8"?>
<testng-results skipped="0" failed="0" ignored="0" total="1" passed="1">
  <reporter-output>
  </reporter-output>
  <suite name="Suite" duration-ms="917" started-at="2018-03-09T21:05:10Z" finished-at="2018-03-09T21:05:10Z">
    <groups>
      <group name="cucumber">
        <method signature="AbstractTestNGCucumberTests.feature(cucumber.api.testng.CucumberFeatureWrapper)[pri:0, instance:com.cnet.automation.framework.runner.LoginRunner@55d56113]" name="feature" class="cucumber.api.testng.AbstractTestNGCucumberTests"/>
      </group> <!-- cucumber -->
    </groups>
    <test name="Test" duration-ms="917" started-at="2018-03-09T21:05:10Z" finished-at="2018-03-09T21:05:10Z">
      <class name="com.cnet.automation.framework.runner.LoginRunner">
        <test-method status="PASS" signature="setUpClass()[pri:0, instance:com.cnet.automation.framework.runner.LoginRunner@55d56113]" name="setUpClass" is-config="true" duration-ms="248" started-at="2018-03-09T15:05:10Z" finished-at="2018-03-09T15:05:10Z">
          <reporter-output>
          </reporter-output>
        </test-method> <!-- setUpClass -->
        <test-method status="PASS" signature="feature(cucumber.api.testng.CucumberFeatureWrapper)[pri:0, instance:com.cnet.automation.framework.runner.LoginRunner@55d56113]" name="feature" duration-ms="476" started-at="2018-03-09T15:05:10Z" description="Runs Cucumber Feature" data-provider="features" finished-at="2018-03-09T15:05:10Z">
          <params>
            <param index="0">
              <value>
                <![CDATA[Login to CNET and do deployment order flow]]>
              </value>
            </param>
          </params>
          <reporter-output>
          </reporter-output>
        </test-method> <!-- feature -->
        <test-method status="PASS" signature="tearDownClass()[pri:0, instance:com.cnet.automation.framework.runner.LoginRunner@55d56113]" name="tearDownClass" is-config="true" duration-ms="87" started-at="2018-03-09T15:05:10Z" finished-at="2018-03-09T15:05:10Z">
          <reporter-output>
          </reporter-output>
        </test-method> <!-- tearDownClass -->
      </class> <!-- com.cnet.automation.framework.runner.LoginRunner -->
    </test> <!-- Test -->
  </suite> <!-- Suite -->
</testng-results>
